<?xml version="1.0" encoding="UTF-8"?>
<!-- Generated by org.testng.reporters.JUnitReportReporter -->
<testsuite skipped="0" hostname="RANITRAY" name="testcase.FavPolicyPdfTesting" tests="2" failures="0" timestamp="02 Mar 2018 07:14:37 GMT" time="229.670" errors="0">
  <testcase name="single" time="118.975" classname="testcase.FavPolicyPdfTesting"/>
  <testcase name="single" time="110.695" classname="testcase.FavPolicyPdfTesting"/>
</testsuite> <!-- testcase.FavPolicyPdfTesting -->
