<?xml version="1.0" encoding="UTF-8"?>
<!-- Generated by org.testng.reporters.JUnitReportReporter -->
<testsuite skipped="0" hostname="RANITRAY" name="testcase.MtaPolicy1" tests="1" failures="0" timestamp="05 Apr 2018 16:17:51 GMT" time="75.114" errors="0">
  <testcase name="test" time="75.114" classname="testcase.MtaPolicy1"/>
</testsuite> <!-- testcase.MtaPolicy1 -->
