<?xml version="1.0" encoding="UTF-8"?>
<!-- Generated by org.testng.reporters.JUnitReportReporter -->
<testsuite skipped="0" hostname="RANITRAY" name="testcase.ModifiedPrivateClientNewPolicy" tests="1" failures="0" timestamp="03 Apr 2018 07:32:15 GMT" time="90.962" errors="0">
  <testcase name="testClient" time="90.962" classname="testcase.ModifiedPrivateClientNewPolicy"/>
</testsuite> <!-- testcase.ModifiedPrivateClientNewPolicy -->
