<?xml version="1.0" encoding="UTF-8"?>
<!-- Generated by org.testng.reporters.JUnitReportReporter -->
<testsuite skipped="0" hostname="RANITRAY" name="settings.login" tests="1" failures="0" timestamp="30 Jan 2018 12:38:02 GMT" time="13.838" errors="0">
  <testcase name="openbrowser" time="13.838" classname="settings.login"/>
</testsuite> <!-- settings.login -->
