<?xml version="1.0" encoding="UTF-8"?>
<!-- Generated by org.testng.reporters.JUnitReportReporter -->
<testsuite skipped="0" hostname="RANITRAY" name="testcase.IndusNetLoginTest" tests="1" failures="0" timestamp="04 Apr 2018 15:12:42 GMT" time="115.323" errors="0">
  <testcase name="browserinvocation" time="115.323" classname="testcase.IndusNetLoginTest"/>
</testsuite> <!-- testcase.IndusNetLoginTest -->
