<?xml version="1.0" encoding="UTF-8"?>
<!-- Generated by org.testng.reporters.JUnitReportReporter -->
<testsuite skipped="0" hostname="RANITRAY" name="testcase.FavTest" tests="2" failures="0" timestamp="22 Feb 2018 06:30:25 GMT" time="359.852" errors="0">
  <testcase name="single" time="125.892" classname="testcase.FavTest"/>
  <testcase name="single" time="233.960" classname="testcase.FavTest"/>
</testsuite> <!-- testcase.FavTest -->
