<?xml version="1.0" encoding="UTF-8"?>
<!-- Generated by org.testng.reporters.JUnitReportReporter -->
<testsuite skipped="0" hostname="RANITRAY" name="testcase.FavPdfPlusScreen" tests="1" failures="0" timestamp="29 Mar 2018 06:34:29 GMT" time="149.597" errors="0">
  <testcase name="single" time="149.597" classname="testcase.FavPdfPlusScreen"/>
</testsuite> <!-- testcase.FavPdfPlusScreen -->
