<?xml version="1.0" encoding="UTF-8"?>
<!-- Generated by org.testng.reporters.JUnitReportReporter -->
<testsuite skipped="0" hostname="RANITRAY" name="testcase.PrivateClient" tests="1" failures="0" timestamp="31 Jan 2018 14:20:08 GMT" time="273.478" errors="0">
  <testcase name="testClient" time="273.478" classname="testcase.PrivateClient"/>
</testsuite> <!-- testcase.PrivateClient -->
